mode: set
interview_bootcamp/repository/bootcamp_repository.go:21.67,23.16 2 0
interview_bootcamp/repository/bootcamp_repository.go:23.16,25.3 1 0
interview_bootcamp/repository/bootcamp_repository.go:26.2,26.12 1 0
interview_bootcamp/repository/bootcamp_repository.go:28.77,31.16 3 0
interview_bootcamp/repository/bootcamp_repository.go:31.16,33.3 1 0
interview_bootcamp/repository/bootcamp_repository.go:34.2,34.22 1 0
interview_bootcamp/repository/bootcamp_repository.go:37.73,42.2 3 0
interview_bootcamp/repository/bootcamp_repository.go:45.63,47.16 2 0
interview_bootcamp/repository/bootcamp_repository.go:47.16,49.3 1 0
interview_bootcamp/repository/bootcamp_repository.go:50.2,51.18 2 0
interview_bootcamp/repository/bootcamp_repository.go:51.18,54.17 3 0
interview_bootcamp/repository/bootcamp_repository.go:54.17,56.4 1 0
interview_bootcamp/repository/bootcamp_repository.go:57.3,57.42 1 0
interview_bootcamp/repository/bootcamp_repository.go:59.2,59.23 1 0
interview_bootcamp/repository/bootcamp_repository.go:61.69,65.16 4 0
interview_bootcamp/repository/bootcamp_repository.go:65.16,67.3 1 0
interview_bootcamp/repository/bootcamp_repository.go:68.2,68.22 1 0
interview_bootcamp/repository/bootcamp_repository.go:71.67,73.16 2 0
interview_bootcamp/repository/bootcamp_repository.go:73.16,75.3 1 0
interview_bootcamp/repository/bootcamp_repository.go:76.2,76.12 1 0
interview_bootcamp/repository/bootcamp_repository.go:79.54,81.16 2 0
interview_bootcamp/repository/bootcamp_repository.go:81.16,83.3 1 0
interview_bootcamp/repository/bootcamp_repository.go:84.2,84.12 1 0
interview_bootcamp/repository/bootcamp_repository.go:86.110,90.16 4 0
interview_bootcamp/repository/bootcamp_repository.go:90.16,92.3 1 0
interview_bootcamp/repository/bootcamp_repository.go:93.2,94.18 2 0
interview_bootcamp/repository/bootcamp_repository.go:94.18,97.17 3 0
interview_bootcamp/repository/bootcamp_repository.go:97.17,99.4 1 0
interview_bootcamp/repository/bootcamp_repository.go:100.3,100.42 1 0
interview_bootcamp/repository/bootcamp_repository.go:104.2,107.16 4 0
interview_bootcamp/repository/bootcamp_repository.go:107.16,109.3 1 0
interview_bootcamp/repository/bootcamp_repository.go:111.2,111.95 1 0
interview_bootcamp/repository/bootcamp_repository.go:114.59,116.2 1 0
interview_bootcamp/repository/candidate_respository.go:21.69,23.16 2 0
interview_bootcamp/repository/candidate_respository.go:23.16,25.3 1 0
interview_bootcamp/repository/candidate_respository.go:26.2,26.12 1 0
interview_bootcamp/repository/candidate_respository.go:31.93,34.16 3 0
interview_bootcamp/repository/candidate_respository.go:34.16,36.3 1 0
interview_bootcamp/repository/candidate_respository.go:37.2,37.23 1 0
interview_bootcamp/repository/candidate_respository.go:40.65,42.16 2 0
interview_bootcamp/repository/candidate_respository.go:42.16,44.3 1 0
interview_bootcamp/repository/candidate_respository.go:45.2,46.18 2 0
interview_bootcamp/repository/candidate_respository.go:46.18,49.17 3 0
interview_bootcamp/repository/candidate_respository.go:49.17,51.4 1 0
interview_bootcamp/repository/candidate_respository.go:52.3,52.45 1 0
interview_bootcamp/repository/candidate_respository.go:54.2,54.24 1 0
interview_bootcamp/repository/candidate_respository.go:57.71,61.16 4 0
interview_bootcamp/repository/candidate_respository.go:61.16,63.3 1 0
interview_bootcamp/repository/candidate_respository.go:64.2,64.23 1 0
interview_bootcamp/repository/candidate_respository.go:68.81,71.16 3 0
interview_bootcamp/repository/candidate_respository.go:71.16,73.3 1 0
interview_bootcamp/repository/candidate_respository.go:74.2,74.23 1 0
interview_bootcamp/repository/candidate_respository.go:78.69,80.16 2 0
interview_bootcamp/repository/candidate_respository.go:80.16,82.3 1 0
interview_bootcamp/repository/candidate_respository.go:83.2,85.12 2 0
interview_bootcamp/repository/candidate_respository.go:88.55,90.16 2 0
interview_bootcamp/repository/candidate_respository.go:90.16,92.3 1 0
interview_bootcamp/repository/candidate_respository.go:93.2,93.12 1 0
interview_bootcamp/repository/candidate_respository.go:96.112,99.16 3 0
interview_bootcamp/repository/candidate_respository.go:99.16,101.3 1 0
interview_bootcamp/repository/candidate_respository.go:102.2,103.18 2 0
interview_bootcamp/repository/candidate_respository.go:103.18,106.17 3 0
interview_bootcamp/repository/candidate_respository.go:106.17,108.4 1 0
interview_bootcamp/repository/candidate_respository.go:109.3,109.45 1 0
interview_bootcamp/repository/candidate_respository.go:112.2,115.16 4 0
interview_bootcamp/repository/candidate_respository.go:115.16,117.3 1 0
interview_bootcamp/repository/candidate_respository.go:119.2,119.96 1 0
interview_bootcamp/repository/candidate_respository.go:124.61,126.2 1 0
interview_bootcamp/repository/hr_repository.go:17.72,20.16 2 0
interview_bootcamp/repository/hr_repository.go:20.16,22.3 1 0
interview_bootcamp/repository/hr_repository.go:23.2,23.12 1 0
interview_bootcamp/repository/hr_repository.go:26.79,43.16 3 0
interview_bootcamp/repository/hr_repository.go:43.16,45.3 1 0
interview_bootcamp/repository/hr_repository.go:46.2,46.27 1 0
interview_bootcamp/repository/hr_repository.go:49.91,66.16 3 0
interview_bootcamp/repository/hr_repository.go:66.16,68.3 1 0
interview_bootcamp/repository/hr_repository.go:69.2,69.27 1 0
interview_bootcamp/repository/hr_repository.go:72.73,78.16 2 0
interview_bootcamp/repository/hr_repository.go:78.16,80.3 1 0
interview_bootcamp/repository/hr_repository.go:81.2,84.18 3 0
interview_bootcamp/repository/hr_repository.go:84.18,98.17 5 0
interview_bootcamp/repository/hr_repository.go:98.17,100.4 1 0
interview_bootcamp/repository/hr_repository.go:101.3,103.57 3 0
interview_bootcamp/repository/hr_repository.go:105.2,105.28 1 0
interview_bootcamp/repository/hr_repository.go:108.72,113.16 2 0
interview_bootcamp/repository/hr_repository.go:113.16,115.3 1 0
interview_bootcamp/repository/hr_repository.go:116.2,116.12 1 0
interview_bootcamp/repository/hr_repository.go:119.59,121.16 2 0
interview_bootcamp/repository/hr_repository.go:121.16,123.3 1 0
interview_bootcamp/repository/hr_repository.go:124.2,124.12 1 0
interview_bootcamp/repository/hr_repository.go:127.69,129.2 1 0
interview_bootcamp/repository/interview_result_respository.go:18.82,20.16 2 0
interview_bootcamp/repository/interview_result_respository.go:20.16,22.3 1 0
interview_bootcamp/repository/interview_result_respository.go:23.2,23.12 1 0
interview_bootcamp/repository/interview_result_respository.go:27.103,30.16 3 0
interview_bootcamp/repository/interview_result_respository.go:30.16,32.3 1 0
interview_bootcamp/repository/interview_result_respository.go:33.2,33.29 1 0
interview_bootcamp/repository/interview_result_respository.go:37.78,39.16 2 0
interview_bootcamp/repository/interview_result_respository.go:39.16,41.3 1 0
interview_bootcamp/repository/interview_result_respository.go:43.2,44.18 2 0
interview_bootcamp/repository/interview_result_respository.go:44.18,47.17 3 0
interview_bootcamp/repository/interview_result_respository.go:47.17,49.4 1 0
interview_bootcamp/repository/interview_result_respository.go:50.3,50.63 1 0
interview_bootcamp/repository/interview_result_respository.go:53.2,53.30 1 0
interview_bootcamp/repository/interview_result_respository.go:57.82,59.16 2 0
interview_bootcamp/repository/interview_result_respository.go:59.16,61.3 1 0
interview_bootcamp/repository/interview_result_respository.go:63.2,63.12 1 0
interview_bootcamp/repository/interview_result_respository.go:67.62,69.16 2 0
interview_bootcamp/repository/interview_result_respository.go:69.16,71.3 1 0
interview_bootcamp/repository/interview_result_respository.go:72.2,72.12 1 0
interview_bootcamp/repository/interview_result_respository.go:77.69,79.2 1 0
interview_bootcamp/repository/interviewer_repository.go:16.73,18.16 2 0
interview_bootcamp/repository/interviewer_repository.go:18.16,20.3 1 0
interview_bootcamp/repository/interviewer_repository.go:21.2,21.12 1 0
interview_bootcamp/repository/interviewer_repository.go:24.69,29.16 2 0
interview_bootcamp/repository/interviewer_repository.go:29.16,31.3 1 0
interview_bootcamp/repository/interviewer_repository.go:32.2,35.18 3 0
interview_bootcamp/repository/interviewer_repository.go:35.18,42.17 3 0
interview_bootcamp/repository/interviewer_repository.go:42.17,44.4 1 0
interview_bootcamp/repository/interviewer_repository.go:45.3,45.51 1 0
interview_bootcamp/repository/interviewer_repository.go:47.2,47.26 1 0
interview_bootcamp/repository/interviewer_repository.go:50.75,57.16 3 0
interview_bootcamp/repository/interviewer_repository.go:57.16,59.3 1 0
interview_bootcamp/repository/interviewer_repository.go:60.2,60.25 1 0
interview_bootcamp/repository/interviewer_repository.go:64.73,66.16 2 0
interview_bootcamp/repository/interviewer_repository.go:66.16,68.3 1 0
interview_bootcamp/repository/interviewer_repository.go:69.2,69.12 1 0
interview_bootcamp/repository/interviewer_repository.go:72.57,74.16 2 0
interview_bootcamp/repository/interviewer_repository.go:74.16,76.3 1 0
interview_bootcamp/repository/interviewer_repository.go:77.2,77.12 1 0
interview_bootcamp/repository/interviewer_repository.go:82.65,84.2 1 0
interview_bootcamp/repository/resume_repository.go:20.63,26.2 2 0
interview_bootcamp/repository/resume_repository.go:28.65,35.2 3 0
interview_bootcamp/repository/resume_repository.go:37.52,40.2 2 0
interview_bootcamp/repository/resume_repository.go:42.63,48.2 2 0
interview_bootcamp/repository/resume_repository.go:50.55,52.2 1 0
interview_bootcamp/repository/status_repository.go:20.63,22.16 2 0
interview_bootcamp/repository/status_repository.go:22.16,24.3 1 0
interview_bootcamp/repository/status_repository.go:25.2,25.12 1 0
interview_bootcamp/repository/status_repository.go:27.73,30.16 3 0
interview_bootcamp/repository/status_repository.go:30.16,32.3 1 0
interview_bootcamp/repository/status_repository.go:33.2,33.20 1 0
interview_bootcamp/repository/status_repository.go:35.59,37.16 2 0
interview_bootcamp/repository/status_repository.go:37.16,39.3 1 0
interview_bootcamp/repository/status_repository.go:40.2,41.18 2 0
interview_bootcamp/repository/status_repository.go:41.18,44.17 3 0
interview_bootcamp/repository/status_repository.go:44.17,46.4 1 0
interview_bootcamp/repository/status_repository.go:47.3,47.36 1 0
interview_bootcamp/repository/status_repository.go:49.2,49.21 1 0
interview_bootcamp/repository/status_repository.go:51.65,55.16 4 0
interview_bootcamp/repository/status_repository.go:55.16,57.3 1 0
interview_bootcamp/repository/status_repository.go:58.2,58.20 1 0
interview_bootcamp/repository/status_repository.go:60.63,62.16 2 0
interview_bootcamp/repository/status_repository.go:62.16,64.3 1 0
interview_bootcamp/repository/status_repository.go:65.2,65.12 1 0
interview_bootcamp/repository/status_repository.go:67.52,69.16 2 0
interview_bootcamp/repository/status_repository.go:69.16,71.3 1 0
interview_bootcamp/repository/status_repository.go:72.2,72.12 1 0
interview_bootcamp/repository/status_repository.go:74.106,78.16 4 0
interview_bootcamp/repository/status_repository.go:78.16,80.3 1 0
interview_bootcamp/repository/status_repository.go:81.2,82.18 2 0
interview_bootcamp/repository/status_repository.go:82.18,85.17 3 0
interview_bootcamp/repository/status_repository.go:85.17,87.4 1 0
interview_bootcamp/repository/status_repository.go:88.3,88.36 1 0
interview_bootcamp/repository/status_repository.go:92.2,95.16 4 0
interview_bootcamp/repository/status_repository.go:95.16,97.3 1 0
interview_bootcamp/repository/status_repository.go:99.2,99.93 1 0
interview_bootcamp/repository/status_repository.go:102.55,104.2 1 0
interview_bootcamp/repository/user_role_repository.go:17.70,20.16 2 1
interview_bootcamp/repository/user_role_repository.go:20.16,22.3 1 1
interview_bootcamp/repository/user_role_repository.go:23.2,23.12 1 1
interview_bootcamp/repository/user_role_repository.go:26.65,28.16 2 1
interview_bootcamp/repository/user_role_repository.go:28.16,30.3 1 1
interview_bootcamp/repository/user_role_repository.go:31.2,34.18 3 1
interview_bootcamp/repository/user_role_repository.go:34.18,37.17 3 1
interview_bootcamp/repository/user_role_repository.go:37.17,39.4 1 0
interview_bootcamp/repository/user_role_repository.go:40.3,40.42 1 1
interview_bootcamp/repository/user_role_repository.go:42.2,42.23 1 1
interview_bootcamp/repository/user_role_repository.go:46.71,49.16 3 1
interview_bootcamp/repository/user_role_repository.go:49.16,51.3 1 1
interview_bootcamp/repository/user_role_repository.go:52.2,52.22 1 1
interview_bootcamp/repository/user_role_repository.go:57.79,61.16 3 1
interview_bootcamp/repository/user_role_repository.go:61.16,63.3 1 1
interview_bootcamp/repository/user_role_repository.go:64.2,64.22 1 1
interview_bootcamp/repository/user_role_repository.go:67.70,70.16 2 1
interview_bootcamp/repository/user_role_repository.go:70.16,72.3 1 1
interview_bootcamp/repository/user_role_repository.go:73.2,73.12 1 1
interview_bootcamp/repository/user_role_repository.go:76.55,78.16 2 1
interview_bootcamp/repository/user_role_repository.go:78.16,80.3 1 1
interview_bootcamp/repository/user_role_repository.go:81.2,81.12 1 1
interview_bootcamp/repository/user_role_repository.go:85.61,87.2 1 1
interview_bootcamp/repository/users_repository.go:22.57,25.16 2 0
interview_bootcamp/repository/users_repository.go:25.16,27.3 1 0
interview_bootcamp/repository/users_repository.go:28.2,28.12 1 0
interview_bootcamp/repository/users_repository.go:31.56,36.16 2 0
interview_bootcamp/repository/users_repository.go:36.16,38.3 1 0
interview_bootcamp/repository/users_repository.go:39.2,42.18 3 0
interview_bootcamp/repository/users_repository.go:42.18,45.17 3 0
interview_bootcamp/repository/users_repository.go:45.17,47.4 1 0
interview_bootcamp/repository/users_repository.go:48.3,48.30 1 0
interview_bootcamp/repository/users_repository.go:50.2,50.19 1 0
interview_bootcamp/repository/users_repository.go:53.62,66.16 3 0
interview_bootcamp/repository/users_repository.go:66.16,68.3 1 0
interview_bootcamp/repository/users_repository.go:69.2,69.18 1 0
interview_bootcamp/repository/users_repository.go:72.101,74.16 2 0
interview_bootcamp/repository/users_repository.go:74.16,76.3 1 0
interview_bootcamp/repository/users_repository.go:78.2,79.16 2 0
interview_bootcamp/repository/users_repository.go:79.16,81.3 1 0
interview_bootcamp/repository/users_repository.go:83.2,83.18 1 0
interview_bootcamp/repository/users_repository.go:87.72,101.16 3 0
interview_bootcamp/repository/users_repository.go:101.16,103.3 1 0
interview_bootcamp/repository/users_repository.go:104.2,104.18 1 0
interview_bootcamp/repository/users_repository.go:107.78,120.16 3 0
interview_bootcamp/repository/users_repository.go:120.16,122.3 1 0
interview_bootcamp/repository/users_repository.go:123.2,123.18 1 0
interview_bootcamp/repository/users_repository.go:126.60,131.16 2 0
interview_bootcamp/repository/users_repository.go:131.16,133.3 1 0
interview_bootcamp/repository/users_repository.go:134.2,134.12 1 0
interview_bootcamp/repository/users_repository.go:137.50,139.16 2 0
interview_bootcamp/repository/users_repository.go:139.16,141.3 1 0
interview_bootcamp/repository/users_repository.go:142.2,142.12 1 0
interview_bootcamp/repository/users_repository.go:145.51,147.2 1 0
