mode: set
interview_bootcamp/delivery/controller/api/auth_controller.go:16.55,18.51 2 0
interview_bootcamp/delivery/controller/api/auth_controller.go:18.51,21.3 2 0
interview_bootcamp/delivery/controller/api/auth_controller.go:23.2,24.16 2 0
interview_bootcamp/delivery/controller/api/auth_controller.go:24.16,27.3 2 0
interview_bootcamp/delivery/controller/api/auth_controller.go:29.2,29.51 1 0
interview_bootcamp/delivery/controller/api/auth_controller.go:32.84,40.2 4 0
interview_bootcamp/delivery/controller/api/bootcamp_contoller.go:20.60,22.52 2 1
interview_bootcamp/delivery/controller/api/bootcamp_contoller.go:22.52,25.3 2 1
interview_bootcamp/delivery/controller/api/bootcamp_contoller.go:27.2,28.64 2 1
interview_bootcamp/delivery/controller/api/bootcamp_contoller.go:28.64,31.3 2 1
interview_bootcamp/delivery/controller/api/bootcamp_contoller.go:33.2,33.38 1 1
interview_bootcamp/delivery/controller/api/bootcamp_contoller.go:35.58,43.16 5 1
interview_bootcamp/delivery/controller/api/bootcamp_contoller.go:43.16,46.3 2 1
interview_bootcamp/delivery/controller/api/bootcamp_contoller.go:47.2,55.4 2 1
interview_bootcamp/delivery/controller/api/bootcamp_contoller.go:57.57,60.16 3 1
interview_bootcamp/delivery/controller/api/bootcamp_contoller.go:60.16,63.3 2 1
interview_bootcamp/delivery/controller/api/bootcamp_contoller.go:64.2,71.4 2 1
interview_bootcamp/delivery/controller/api/bootcamp_contoller.go:74.60,76.52 2 1
interview_bootcamp/delivery/controller/api/bootcamp_contoller.go:76.52,79.3 2 1
interview_bootcamp/delivery/controller/api/bootcamp_contoller.go:81.2,81.59 1 1
interview_bootcamp/delivery/controller/api/bootcamp_contoller.go:81.59,84.3 2 1
interview_bootcamp/delivery/controller/api/bootcamp_contoller.go:85.2,91.4 2 1
interview_bootcamp/delivery/controller/api/bootcamp_contoller.go:94.60,96.53 2 1
interview_bootcamp/delivery/controller/api/bootcamp_contoller.go:96.53,99.3 2 1
interview_bootcamp/delivery/controller/api/bootcamp_contoller.go:101.2,107.4 2 1
interview_bootcamp/delivery/controller/api/bootcamp_contoller.go:111.96,129.2 8 1
interview_bootcamp/delivery/controller/api/candidate_controller.go:29.62,32.16 2 1
interview_bootcamp/delivery/controller/api/candidate_controller.go:32.16,35.3 2 0
interview_bootcamp/delivery/controller/api/candidate_controller.go:38.2,61.16 11 1
interview_bootcamp/delivery/controller/api/candidate_controller.go:61.16,64.3 2 1
interview_bootcamp/delivery/controller/api/candidate_controller.go:65.2,69.16 3 0
interview_bootcamp/delivery/controller/api/candidate_controller.go:69.16,72.3 2 0
interview_bootcamp/delivery/controller/api/candidate_controller.go:75.2,81.16 2 0
interview_bootcamp/delivery/controller/api/candidate_controller.go:81.16,86.3 3 0
interview_bootcamp/delivery/controller/api/candidate_controller.go:87.2,91.16 3 0
interview_bootcamp/delivery/controller/api/candidate_controller.go:91.16,96.3 3 0
interview_bootcamp/delivery/controller/api/candidate_controller.go:97.2,101.16 3 0
interview_bootcamp/delivery/controller/api/candidate_controller.go:101.16,106.3 3 0
interview_bootcamp/delivery/controller/api/candidate_controller.go:108.2,114.4 2 0
interview_bootcamp/delivery/controller/api/candidate_controller.go:117.60,126.16 5 1
interview_bootcamp/delivery/controller/api/candidate_controller.go:126.16,129.3 2 1
interview_bootcamp/delivery/controller/api/candidate_controller.go:130.2,138.4 2 1
interview_bootcamp/delivery/controller/api/candidate_controller.go:141.59,144.16 3 1
interview_bootcamp/delivery/controller/api/candidate_controller.go:144.16,147.3 2 1
interview_bootcamp/delivery/controller/api/candidate_controller.go:148.2,155.4 2 1
interview_bootcamp/delivery/controller/api/candidate_controller.go:159.62,162.16 2 0
interview_bootcamp/delivery/controller/api/candidate_controller.go:162.16,165.3 2 0
interview_bootcamp/delivery/controller/api/candidate_controller.go:168.2,180.16 11 0
interview_bootcamp/delivery/controller/api/candidate_controller.go:180.16,183.3 2 0
interview_bootcamp/delivery/controller/api/candidate_controller.go:186.2,196.16 9 0
interview_bootcamp/delivery/controller/api/candidate_controller.go:196.17,198.3 0 0
interview_bootcamp/delivery/controller/api/candidate_controller.go:198.8,203.17 3 0
interview_bootcamp/delivery/controller/api/candidate_controller.go:203.17,206.4 2 0
interview_bootcamp/delivery/controller/api/candidate_controller.go:209.3,215.17 2 0
interview_bootcamp/delivery/controller/api/candidate_controller.go:215.17,218.4 2 0
interview_bootcamp/delivery/controller/api/candidate_controller.go:219.3,219.52 1 0
interview_bootcamp/delivery/controller/api/candidate_controller.go:223.2,224.16 2 0
interview_bootcamp/delivery/controller/api/candidate_controller.go:224.16,227.3 2 0
interview_bootcamp/delivery/controller/api/candidate_controller.go:228.2,232.16 3 0
interview_bootcamp/delivery/controller/api/candidate_controller.go:232.16,235.3 2 0
interview_bootcamp/delivery/controller/api/candidate_controller.go:237.2,243.4 2 0
interview_bootcamp/delivery/controller/api/candidate_controller.go:246.62,248.64 2 1
interview_bootcamp/delivery/controller/api/candidate_controller.go:248.64,251.3 2 1
interview_bootcamp/delivery/controller/api/candidate_controller.go:253.2,259.4 2 1
interview_bootcamp/delivery/controller/api/candidate_controller.go:262.184,282.2 8 1
interview_bootcamp/delivery/controller/api/form_controller.go:27.56,30.16 2 0
interview_bootcamp/delivery/controller/api/form_controller.go:30.16,33.3 2 0
interview_bootcamp/delivery/controller/api/form_controller.go:35.2,37.16 3 0
interview_bootcamp/delivery/controller/api/form_controller.go:37.16,40.3 2 0
interview_bootcamp/delivery/controller/api/form_controller.go:41.2,45.16 3 0
interview_bootcamp/delivery/controller/api/form_controller.go:45.16,48.3 2 0
interview_bootcamp/delivery/controller/api/form_controller.go:49.2,53.16 3 0
interview_bootcamp/delivery/controller/api/form_controller.go:53.16,56.3 2 0
interview_bootcamp/delivery/controller/api/form_controller.go:59.2,65.16 2 0
interview_bootcamp/delivery/controller/api/form_controller.go:65.16,70.3 3 0
interview_bootcamp/delivery/controller/api/form_controller.go:71.2,74.16 3 0
interview_bootcamp/delivery/controller/api/form_controller.go:74.16,79.3 3 0
interview_bootcamp/delivery/controller/api/form_controller.go:81.2,87.4 2 0
interview_bootcamp/delivery/controller/api/form_controller.go:90.54,99.16 5 1
interview_bootcamp/delivery/controller/api/form_controller.go:99.16,102.3 2 0
interview_bootcamp/delivery/controller/api/form_controller.go:103.2,111.4 2 1
interview_bootcamp/delivery/controller/api/form_controller.go:114.56,117.16 2 1
interview_bootcamp/delivery/controller/api/form_controller.go:117.16,120.3 2 0
interview_bootcamp/delivery/controller/api/form_controller.go:123.2,127.16 3 1
interview_bootcamp/delivery/controller/api/form_controller.go:127.16,130.3 2 0
interview_bootcamp/delivery/controller/api/form_controller.go:133.2,134.16 2 1
interview_bootcamp/delivery/controller/api/form_controller.go:134.17,136.3 0 1
interview_bootcamp/delivery/controller/api/form_controller.go:136.8,141.17 3 0
interview_bootcamp/delivery/controller/api/form_controller.go:141.17,144.4 2 0
interview_bootcamp/delivery/controller/api/form_controller.go:147.3,153.17 2 0
interview_bootcamp/delivery/controller/api/form_controller.go:153.17,156.4 2 0
interview_bootcamp/delivery/controller/api/form_controller.go:157.3,157.49 1 0
interview_bootcamp/delivery/controller/api/form_controller.go:161.2,162.16 2 1
interview_bootcamp/delivery/controller/api/form_controller.go:162.16,165.3 2 0
interview_bootcamp/delivery/controller/api/form_controller.go:167.2,173.4 2 1
interview_bootcamp/delivery/controller/api/form_controller.go:176.56,179.49 2 0
interview_bootcamp/delivery/controller/api/form_controller.go:179.49,182.3 2 0
interview_bootcamp/delivery/controller/api/form_controller.go:184.2,190.4 2 0
interview_bootcamp/delivery/controller/api/form_controller.go:193.119,210.2 7 1
interview_bootcamp/delivery/controller/api/hr_controller.go:18.67,20.59 2 1
interview_bootcamp/delivery/controller/api/hr_controller.go:20.59,23.3 2 1
interview_bootcamp/delivery/controller/api/hr_controller.go:26.2,27.16 2 1
interview_bootcamp/delivery/controller/api/hr_controller.go:27.16,30.3 2 0
interview_bootcamp/delivery/controller/api/hr_controller.go:31.2,33.16 3 1
interview_bootcamp/delivery/controller/api/hr_controller.go:33.16,36.3 2 0
interview_bootcamp/delivery/controller/api/hr_controller.go:38.2,38.45 1 1
interview_bootcamp/delivery/controller/api/hr_controller.go:41.67,44.59 3 1
interview_bootcamp/delivery/controller/api/hr_controller.go:44.59,47.3 2 0
interview_bootcamp/delivery/controller/api/hr_controller.go:49.2,51.16 3 1
interview_bootcamp/delivery/controller/api/hr_controller.go:51.16,54.3 2 0
interview_bootcamp/delivery/controller/api/hr_controller.go:56.2,56.50 1 1
interview_bootcamp/delivery/controller/api/hr_controller.go:56.50,59.3 2 0
interview_bootcamp/delivery/controller/api/hr_controller.go:60.2,61.16 2 1
interview_bootcamp/delivery/controller/api/hr_controller.go:61.16,64.3 2 1
interview_bootcamp/delivery/controller/api/hr_controller.go:66.2,66.40 1 1
interview_bootcamp/delivery/controller/api/hr_controller.go:69.64,72.16 3 1
interview_bootcamp/delivery/controller/api/hr_controller.go:72.16,75.3 2 1
interview_bootcamp/delivery/controller/api/hr_controller.go:77.2,77.40 1 1
interview_bootcamp/delivery/controller/api/hr_controller.go:80.65,82.16 2 1
interview_bootcamp/delivery/controller/api/hr_controller.go:82.16,85.3 2 1
interview_bootcamp/delivery/controller/api/hr_controller.go:87.2,87.41 1 1
interview_bootcamp/delivery/controller/api/hr_controller.go:90.67,93.16 3 1
interview_bootcamp/delivery/controller/api/hr_controller.go:93.16,96.3 2 1
interview_bootcamp/delivery/controller/api/hr_controller.go:98.2,98.37 1 1
interview_bootcamp/delivery/controller/api/hr_controller.go:101.111,120.2 8 1
interview_bootcamp/delivery/controller/api/interview_process_controller.go:20.68,22.60 2 0
interview_bootcamp/delivery/controller/api/interview_process_controller.go:22.60,25.3 2 0
interview_bootcamp/delivery/controller/api/interview_process_controller.go:27.2,28.91 2 0
interview_bootcamp/delivery/controller/api/interview_process_controller.go:28.91,31.3 2 0
interview_bootcamp/delivery/controller/api/interview_process_controller.go:33.2,33.41 1 0
interview_bootcamp/delivery/controller/api/interview_process_controller.go:36.66,44.16 5 0
interview_bootcamp/delivery/controller/api/interview_process_controller.go:44.16,47.3 2 0
interview_bootcamp/delivery/controller/api/interview_process_controller.go:48.2,56.4 2 0
interview_bootcamp/delivery/controller/api/interview_process_controller.go:58.65,61.16 3 0
interview_bootcamp/delivery/controller/api/interview_process_controller.go:61.16,64.3 2 0
interview_bootcamp/delivery/controller/api/interview_process_controller.go:65.2,72.4 2 0
interview_bootcamp/delivery/controller/api/interview_process_controller.go:75.120,86.2 6 0
interview_bootcamp/delivery/controller/api/interview_result_controller.go:20.67,22.59 2 0
interview_bootcamp/delivery/controller/api/interview_result_controller.go:22.59,25.3 2 0
interview_bootcamp/delivery/controller/api/interview_result_controller.go:27.2,28.88 2 0
interview_bootcamp/delivery/controller/api/interview_result_controller.go:28.88,31.3 2 0
interview_bootcamp/delivery/controller/api/interview_result_controller.go:33.2,33.40 1 0
interview_bootcamp/delivery/controller/api/interview_result_controller.go:35.65,43.16 5 0
interview_bootcamp/delivery/controller/api/interview_result_controller.go:43.16,46.3 2 0
interview_bootcamp/delivery/controller/api/interview_result_controller.go:47.2,55.4 2 0
interview_bootcamp/delivery/controller/api/interview_result_controller.go:57.64,60.16 3 0
interview_bootcamp/delivery/controller/api/interview_result_controller.go:60.16,63.3 2 0
interview_bootcamp/delivery/controller/api/interview_result_controller.go:64.2,71.4 2 0
interview_bootcamp/delivery/controller/api/interview_result_controller.go:74.117,85.2 6 0
interview_bootcamp/delivery/controller/api/interviewer_controller.go:18.63,20.55 2 1
interview_bootcamp/delivery/controller/api/interviewer_controller.go:20.55,23.3 2 1
interview_bootcamp/delivery/controller/api/interviewer_controller.go:25.2,26.70 2 1
interview_bootcamp/delivery/controller/api/interviewer_controller.go:26.70,29.3 2 1
interview_bootcamp/delivery/controller/api/interviewer_controller.go:31.2,31.41 1 1
interview_bootcamp/delivery/controller/api/interviewer_controller.go:34.61,36.16 2 1
interview_bootcamp/delivery/controller/api/interviewer_controller.go:36.16,39.3 2 1
interview_bootcamp/delivery/controller/api/interviewer_controller.go:40.2,47.4 2 1
interview_bootcamp/delivery/controller/api/interviewer_controller.go:50.60,53.16 3 1
interview_bootcamp/delivery/controller/api/interviewer_controller.go:53.16,56.3 2 1
interview_bootcamp/delivery/controller/api/interviewer_controller.go:57.2,64.4 2 1
interview_bootcamp/delivery/controller/api/interviewer_controller.go:68.63,70.55 2 1
interview_bootcamp/delivery/controller/api/interviewer_controller.go:70.55,73.3 2 1
interview_bootcamp/delivery/controller/api/interviewer_controller.go:76.2,76.37 1 1
interview_bootcamp/delivery/controller/api/interviewer_controller.go:76.37,79.3 2 1
interview_bootcamp/delivery/controller/api/interviewer_controller.go:81.2,81.65 1 1
interview_bootcamp/delivery/controller/api/interviewer_controller.go:81.65,84.3 2 1
interview_bootcamp/delivery/controller/api/interviewer_controller.go:86.2,86.36 1 1
interview_bootcamp/delivery/controller/api/interviewer_controller.go:89.63,91.56 2 1
interview_bootcamp/delivery/controller/api/interviewer_controller.go:91.56,94.3 2 1
interview_bootcamp/delivery/controller/api/interviewer_controller.go:95.2,95.19 1 1
interview_bootcamp/delivery/controller/api/interviewer_controller.go:99.105,117.2 8 1
interview_bootcamp/delivery/controller/api/result_controller.go:20.58,22.50 2 1
interview_bootcamp/delivery/controller/api/result_controller.go:22.50,25.3 2 1
interview_bootcamp/delivery/controller/api/result_controller.go:27.2,28.60 2 1
interview_bootcamp/delivery/controller/api/result_controller.go:28.60,31.3 2 1
interview_bootcamp/delivery/controller/api/result_controller.go:33.2,33.36 1 1
interview_bootcamp/delivery/controller/api/result_controller.go:35.56,43.16 5 1
interview_bootcamp/delivery/controller/api/result_controller.go:43.16,46.3 2 1
interview_bootcamp/delivery/controller/api/result_controller.go:47.2,55.4 2 1
interview_bootcamp/delivery/controller/api/result_controller.go:58.55,61.16 3 1
interview_bootcamp/delivery/controller/api/result_controller.go:61.16,64.3 2 1
interview_bootcamp/delivery/controller/api/result_controller.go:65.2,72.4 2 1
interview_bootcamp/delivery/controller/api/result_controller.go:74.58,76.51 2 1
interview_bootcamp/delivery/controller/api/result_controller.go:76.51,79.3 2 1
interview_bootcamp/delivery/controller/api/result_controller.go:81.2,81.56 1 1
interview_bootcamp/delivery/controller/api/result_controller.go:81.56,84.3 2 1
interview_bootcamp/delivery/controller/api/result_controller.go:85.2,91.4 2 1
interview_bootcamp/delivery/controller/api/result_controller.go:93.58,95.51 2 1
interview_bootcamp/delivery/controller/api/result_controller.go:95.51,98.3 2 1
interview_bootcamp/delivery/controller/api/result_controller.go:100.2,106.4 2 1
interview_bootcamp/delivery/controller/api/result_controller.go:109.90,128.2 8 1
interview_bootcamp/delivery/controller/api/status_controller.go:19.58,21.50 2 1
interview_bootcamp/delivery/controller/api/status_controller.go:21.50,24.3 2 1
interview_bootcamp/delivery/controller/api/status_controller.go:27.2,27.60 1 1
interview_bootcamp/delivery/controller/api/status_controller.go:27.60,30.3 2 1
interview_bootcamp/delivery/controller/api/status_controller.go:32.2,32.36 1 1
interview_bootcamp/delivery/controller/api/status_controller.go:34.56,42.16 5 1
interview_bootcamp/delivery/controller/api/status_controller.go:42.16,45.3 2 1
interview_bootcamp/delivery/controller/api/status_controller.go:46.2,54.4 2 1
interview_bootcamp/delivery/controller/api/status_controller.go:57.55,60.16 3 1
interview_bootcamp/delivery/controller/api/status_controller.go:60.16,63.3 2 1
interview_bootcamp/delivery/controller/api/status_controller.go:64.2,71.4 2 1
interview_bootcamp/delivery/controller/api/status_controller.go:73.58,75.51 2 1
interview_bootcamp/delivery/controller/api/status_controller.go:75.51,78.3 2 1
interview_bootcamp/delivery/controller/api/status_controller.go:80.2,80.56 1 1
interview_bootcamp/delivery/controller/api/status_controller.go:80.56,83.3 2 1
interview_bootcamp/delivery/controller/api/status_controller.go:84.2,90.4 2 1
interview_bootcamp/delivery/controller/api/status_controller.go:92.58,94.51 2 1
interview_bootcamp/delivery/controller/api/status_controller.go:94.51,97.3 2 1
interview_bootcamp/delivery/controller/api/status_controller.go:99.2,105.4 2 1
interview_bootcamp/delivery/controller/api/status_controller.go:108.90,126.2 8 1
interview_bootcamp/delivery/controller/api/user_role_controller.go:17.60,19.52 2 1
interview_bootcamp/delivery/controller/api/user_role_controller.go:19.52,22.3 2 1
interview_bootcamp/delivery/controller/api/user_role_controller.go:24.2,25.67 2 1
interview_bootcamp/delivery/controller/api/user_role_controller.go:25.67,28.3 2 1
interview_bootcamp/delivery/controller/api/user_role_controller.go:30.2,30.23 1 1
interview_bootcamp/delivery/controller/api/user_role_controller.go:33.58,35.16 2 1
interview_bootcamp/delivery/controller/api/user_role_controller.go:35.16,38.3 2 1
interview_bootcamp/delivery/controller/api/user_role_controller.go:40.2,40.24 1 1
interview_bootcamp/delivery/controller/api/user_role_controller.go:43.57,46.16 3 1
interview_bootcamp/delivery/controller/api/user_role_controller.go:46.16,49.3 2 1
interview_bootcamp/delivery/controller/api/user_role_controller.go:51.2,51.23 1 1
interview_bootcamp/delivery/controller/api/user_role_controller.go:54.60,56.52 2 1
interview_bootcamp/delivery/controller/api/user_role_controller.go:56.52,59.3 2 1
interview_bootcamp/delivery/controller/api/user_role_controller.go:60.2,60.62 1 1
interview_bootcamp/delivery/controller/api/user_role_controller.go:60.62,63.3 2 1
interview_bootcamp/delivery/controller/api/user_role_controller.go:64.2,64.23 1 1
interview_bootcamp/delivery/controller/api/user_role_controller.go:68.60,70.56 2 1
interview_bootcamp/delivery/controller/api/user_role_controller.go:70.56,73.3 2 1
interview_bootcamp/delivery/controller/api/user_role_controller.go:75.2,75.19 1 1
interview_bootcamp/delivery/controller/api/user_role_controller.go:78.97,98.2 8 1
interview_bootcamp/delivery/controller/api/users_controller.go:18.58,20.50 2 1
interview_bootcamp/delivery/controller/api/users_controller.go:20.50,23.3 2 1
interview_bootcamp/delivery/controller/api/users_controller.go:24.2,26.16 3 1
interview_bootcamp/delivery/controller/api/users_controller.go:26.16,29.3 2 1
interview_bootcamp/delivery/controller/api/users_controller.go:32.2,42.44 2 1
interview_bootcamp/delivery/controller/api/users_controller.go:45.54,47.16 2 1
interview_bootcamp/delivery/controller/api/users_controller.go:47.16,50.3 2 1
interview_bootcamp/delivery/controller/api/users_controller.go:52.2,58.29 3 1
interview_bootcamp/delivery/controller/api/users_controller.go:58.29,69.3 2 1
interview_bootcamp/delivery/controller/api/users_controller.go:71.2,74.4 1 1
interview_bootcamp/delivery/controller/api/users_controller.go:77.55,80.16 3 1
interview_bootcamp/delivery/controller/api/users_controller.go:80.16,83.3 2 1
interview_bootcamp/delivery/controller/api/users_controller.go:85.2,85.31 1 1
interview_bootcamp/delivery/controller/api/users_controller.go:88.65,91.16 3 0
interview_bootcamp/delivery/controller/api/users_controller.go:91.16,94.3 2 0
interview_bootcamp/delivery/controller/api/users_controller.go:96.2,96.31 1 0
interview_bootcamp/delivery/controller/api/users_controller.go:99.58,102.50 3 1
interview_bootcamp/delivery/controller/api/users_controller.go:102.50,105.3 2 1
interview_bootcamp/delivery/controller/api/users_controller.go:107.2,109.16 3 1
interview_bootcamp/delivery/controller/api/users_controller.go:109.16,112.3 2 1
interview_bootcamp/delivery/controller/api/users_controller.go:114.2,114.31 1 1
interview_bootcamp/delivery/controller/api/users_controller.go:117.58,120.16 3 1
interview_bootcamp/delivery/controller/api/users_controller.go:120.16,123.3 2 1
interview_bootcamp/delivery/controller/api/users_controller.go:125.2,125.37 1 1
interview_bootcamp/delivery/controller/api/users_controller.go:128.84,151.2 9 1
interview_bootcamp/repository/bootcamp_repository.go:21.67,23.16 2 1
interview_bootcamp/repository/bootcamp_repository.go:23.16,25.3 1 1
interview_bootcamp/repository/bootcamp_repository.go:26.2,26.12 1 1
interview_bootcamp/repository/bootcamp_repository.go:28.77,31.16 3 1
interview_bootcamp/repository/bootcamp_repository.go:31.16,33.3 1 1
interview_bootcamp/repository/bootcamp_repository.go:34.2,34.22 1 1
interview_bootcamp/repository/bootcamp_repository.go:37.73,42.2 3 0
interview_bootcamp/repository/bootcamp_repository.go:44.63,46.16 2 1
interview_bootcamp/repository/bootcamp_repository.go:46.16,48.3 1 1
interview_bootcamp/repository/bootcamp_repository.go:49.2,50.18 2 1
interview_bootcamp/repository/bootcamp_repository.go:50.18,53.17 3 1
interview_bootcamp/repository/bootcamp_repository.go:53.17,55.4 1 0
interview_bootcamp/repository/bootcamp_repository.go:56.3,56.42 1 1
interview_bootcamp/repository/bootcamp_repository.go:58.2,58.23 1 1
interview_bootcamp/repository/bootcamp_repository.go:60.69,64.16 4 1
interview_bootcamp/repository/bootcamp_repository.go:64.16,66.3 1 1
interview_bootcamp/repository/bootcamp_repository.go:67.2,67.22 1 1
interview_bootcamp/repository/bootcamp_repository.go:70.67,72.16 2 1
interview_bootcamp/repository/bootcamp_repository.go:72.16,74.3 1 1
interview_bootcamp/repository/bootcamp_repository.go:75.2,75.12 1 1
interview_bootcamp/repository/bootcamp_repository.go:78.54,80.16 2 1
interview_bootcamp/repository/bootcamp_repository.go:80.16,82.3 1 1
interview_bootcamp/repository/bootcamp_repository.go:83.2,83.12 1 1
interview_bootcamp/repository/bootcamp_repository.go:85.110,89.16 4 1
interview_bootcamp/repository/bootcamp_repository.go:89.16,91.3 1 1
interview_bootcamp/repository/bootcamp_repository.go:92.2,93.18 2 1
interview_bootcamp/repository/bootcamp_repository.go:93.18,96.17 3 1
interview_bootcamp/repository/bootcamp_repository.go:96.17,98.4 1 0
interview_bootcamp/repository/bootcamp_repository.go:99.3,99.42 1 1
interview_bootcamp/repository/bootcamp_repository.go:103.2,106.16 4 1
interview_bootcamp/repository/bootcamp_repository.go:106.16,108.3 1 1
interview_bootcamp/repository/bootcamp_repository.go:110.2,110.95 1 1
interview_bootcamp/repository/bootcamp_repository.go:113.59,115.2 1 1
interview_bootcamp/repository/candidate_respository.go:21.69,23.16 2 1
interview_bootcamp/repository/candidate_respository.go:23.16,25.3 1 1
interview_bootcamp/repository/candidate_respository.go:26.2,26.12 1 1
interview_bootcamp/repository/candidate_respository.go:31.93,34.16 3 1
interview_bootcamp/repository/candidate_respository.go:34.16,36.3 1 1
interview_bootcamp/repository/candidate_respository.go:37.2,37.23 1 1
interview_bootcamp/repository/candidate_respository.go:40.65,42.16 2 1
interview_bootcamp/repository/candidate_respository.go:42.16,44.3 1 1
interview_bootcamp/repository/candidate_respository.go:45.2,46.18 2 1
interview_bootcamp/repository/candidate_respository.go:46.18,49.17 3 1
interview_bootcamp/repository/candidate_respository.go:49.17,51.4 1 0
interview_bootcamp/repository/candidate_respository.go:52.3,52.45 1 1
interview_bootcamp/repository/candidate_respository.go:54.2,54.24 1 1
interview_bootcamp/repository/candidate_respository.go:57.71,61.16 4 1
interview_bootcamp/repository/candidate_respository.go:61.16,63.3 1 1
interview_bootcamp/repository/candidate_respository.go:64.2,64.23 1 1
interview_bootcamp/repository/candidate_respository.go:68.81,71.16 3 1
interview_bootcamp/repository/candidate_respository.go:71.16,73.3 1 1
interview_bootcamp/repository/candidate_respository.go:74.2,74.23 1 1
interview_bootcamp/repository/candidate_respository.go:78.69,80.16 2 1
interview_bootcamp/repository/candidate_respository.go:80.16,82.3 1 1
interview_bootcamp/repository/candidate_respository.go:83.2,83.12 1 1
interview_bootcamp/repository/candidate_respository.go:87.55,89.16 2 1
interview_bootcamp/repository/candidate_respository.go:89.16,91.3 1 1
interview_bootcamp/repository/candidate_respository.go:92.2,92.12 1 1
interview_bootcamp/repository/candidate_respository.go:95.112,98.16 3 1
interview_bootcamp/repository/candidate_respository.go:98.16,100.3 1 1
interview_bootcamp/repository/candidate_respository.go:101.2,102.18 2 1
interview_bootcamp/repository/candidate_respository.go:102.18,105.17 3 1
interview_bootcamp/repository/candidate_respository.go:105.17,107.4 1 0
interview_bootcamp/repository/candidate_respository.go:108.3,108.45 1 1
interview_bootcamp/repository/candidate_respository.go:111.2,114.16 4 1
interview_bootcamp/repository/candidate_respository.go:114.16,116.3 1 1
interview_bootcamp/repository/candidate_respository.go:118.2,118.96 1 1
interview_bootcamp/repository/candidate_respository.go:123.61,125.2 1 1
interview_bootcamp/repository/form_repository.go:22.59,24.16 2 1
interview_bootcamp/repository/form_repository.go:24.16,26.3 1 1
interview_bootcamp/repository/form_repository.go:27.2,27.12 1 1
interview_bootcamp/repository/form_repository.go:30.61,37.2 3 0
interview_bootcamp/repository/form_repository.go:39.102,43.16 4 1
interview_bootcamp/repository/form_repository.go:43.16,45.3 1 1
interview_bootcamp/repository/form_repository.go:46.2,47.18 2 1
interview_bootcamp/repository/form_repository.go:47.18,50.17 3 1
interview_bootcamp/repository/form_repository.go:50.17,52.4 1 0
interview_bootcamp/repository/form_repository.go:53.3,53.30 1 1
interview_bootcamp/repository/form_repository.go:57.2,60.16 4 1
interview_bootcamp/repository/form_repository.go:60.16,62.3 1 1
interview_bootcamp/repository/form_repository.go:64.2,64.91 1 0
interview_bootcamp/repository/form_repository.go:68.59,74.2 2 1
interview_bootcamp/repository/form_repository.go:76.50,78.16 2 1
interview_bootcamp/repository/form_repository.go:78.16,80.3 1 1
interview_bootcamp/repository/form_repository.go:81.2,81.12 1 1
interview_bootcamp/repository/form_repository.go:84.51,86.2 1 1
interview_bootcamp/repository/hr_repository.go:17.72,20.16 2 1
interview_bootcamp/repository/hr_repository.go:20.16,22.3 1 1
interview_bootcamp/repository/hr_repository.go:23.2,23.12 1 1
interview_bootcamp/repository/hr_repository.go:26.79,43.16 3 1
interview_bootcamp/repository/hr_repository.go:43.16,45.3 1 1
interview_bootcamp/repository/hr_repository.go:46.2,46.27 1 1
interview_bootcamp/repository/hr_repository.go:49.91,66.16 3 1
interview_bootcamp/repository/hr_repository.go:66.16,68.3 1 1
interview_bootcamp/repository/hr_repository.go:69.2,69.27 1 1
interview_bootcamp/repository/hr_repository.go:72.73,78.16 2 1
interview_bootcamp/repository/hr_repository.go:78.16,80.3 1 1
interview_bootcamp/repository/hr_repository.go:81.2,84.18 3 1
interview_bootcamp/repository/hr_repository.go:84.18,98.17 5 1
interview_bootcamp/repository/hr_repository.go:98.17,100.4 1 0
interview_bootcamp/repository/hr_repository.go:101.3,103.57 3 1
interview_bootcamp/repository/hr_repository.go:105.2,105.28 1 1
interview_bootcamp/repository/hr_repository.go:108.72,113.16 2 1
interview_bootcamp/repository/hr_repository.go:113.16,115.3 1 1
interview_bootcamp/repository/hr_repository.go:116.2,116.12 1 1
interview_bootcamp/repository/hr_repository.go:119.59,121.16 2 1
interview_bootcamp/repository/hr_repository.go:121.16,123.3 1 1
interview_bootcamp/repository/hr_repository.go:124.2,124.12 1 1
interview_bootcamp/repository/hr_repository.go:127.69,129.2 1 1
interview_bootcamp/repository/interview_proses_repository.go:19.83,21.19 2 0
interview_bootcamp/repository/interview_proses_repository.go:21.19,23.6 1 0
interview_bootcamp/repository/interview_proses_repository.go:25.5,25.18 1 0
interview_bootcamp/repository/interview_proses_repository.go:25.18,26.23 1 0
interview_bootcamp/repository/interview_proses_repository.go:26.23,28.10 1 0
interview_bootcamp/repository/interview_proses_repository.go:32.5,34.19 2 0
interview_bootcamp/repository/interview_proses_repository.go:34.19,36.6 1 0
interview_bootcamp/repository/interview_proses_repository.go:38.5,39.19 2 0
interview_bootcamp/repository/interview_proses_repository.go:39.19,41.6 1 0
interview_bootcamp/repository/interview_proses_repository.go:43.5,43.15 1 0
interview_bootcamp/repository/interview_proses_repository.go:47.94,77.16 4 0
interview_bootcamp/repository/interview_proses_repository.go:77.16,79.3 1 0
interview_bootcamp/repository/interview_proses_repository.go:82.2,84.36 2 0
interview_bootcamp/repository/interview_proses_repository.go:87.121,104.16 3 0
interview_bootcamp/repository/interview_proses_repository.go:104.16,106.3 1 0
interview_bootcamp/repository/interview_proses_repository.go:107.2,110.18 3 0
interview_bootcamp/repository/interview_proses_repository.go:110.18,124.17 3 0
interview_bootcamp/repository/interview_proses_repository.go:124.17,126.4 1 0
interview_bootcamp/repository/interview_proses_repository.go:127.3,127.68 1 0
interview_bootcamp/repository/interview_proses_repository.go:130.2,130.46 1 0
interview_bootcamp/repository/interview_proses_repository.go:133.75,135.2 1 0
interview_bootcamp/repository/interview_result_respository.go:19.81,21.16 2 0
interview_bootcamp/repository/interview_result_respository.go:21.16,23.3 1 0
interview_bootcamp/repository/interview_result_respository.go:25.2,25.15 1 0
interview_bootcamp/repository/interview_result_respository.go:25.15,26.17 1 0
interview_bootcamp/repository/interview_result_respository.go:26.17,28.4 1 0
interview_bootcamp/repository/interview_result_respository.go:32.2,34.16 2 0
interview_bootcamp/repository/interview_result_respository.go:34.16,36.3 1 0
interview_bootcamp/repository/interview_result_respository.go:38.2,39.16 2 0
interview_bootcamp/repository/interview_result_respository.go:39.16,41.3 1 0
interview_bootcamp/repository/interview_result_respository.go:43.2,43.12 1 0
interview_bootcamp/repository/interview_result_respository.go:46.92,66.16 4 0
interview_bootcamp/repository/interview_result_respository.go:66.16,68.3 1 0
interview_bootcamp/repository/interview_result_respository.go:71.2,73.40 2 0
interview_bootcamp/repository/interview_result_respository.go:76.119,84.16 3 0
interview_bootcamp/repository/interview_result_respository.go:84.16,86.3 1 0
interview_bootcamp/repository/interview_result_respository.go:87.2,90.18 3 0
interview_bootcamp/repository/interview_result_respository.go:90.18,101.17 3 0
interview_bootcamp/repository/interview_result_respository.go:101.17,103.4 1 0
interview_bootcamp/repository/interview_result_respository.go:104.3,104.63 1 0
interview_bootcamp/repository/interview_result_respository.go:107.2,107.44 1 0
interview_bootcamp/repository/interview_result_respository.go:110.73,112.2 1 0
interview_bootcamp/repository/interviewer_repository.go:16.73,18.16 2 1
interview_bootcamp/repository/interviewer_repository.go:18.16,20.3 1 1
interview_bootcamp/repository/interviewer_repository.go:21.2,21.12 1 1
interview_bootcamp/repository/interviewer_repository.go:24.69,29.16 2 1
interview_bootcamp/repository/interviewer_repository.go:29.16,31.3 1 1
interview_bootcamp/repository/interviewer_repository.go:32.2,35.18 3 1
interview_bootcamp/repository/interviewer_repository.go:35.18,42.17 3 1
interview_bootcamp/repository/interviewer_repository.go:42.17,44.4 1 0
interview_bootcamp/repository/interviewer_repository.go:45.3,45.51 1 1
interview_bootcamp/repository/interviewer_repository.go:47.2,47.26 1 1
interview_bootcamp/repository/interviewer_repository.go:50.75,57.16 3 1
interview_bootcamp/repository/interviewer_repository.go:57.16,59.3 1 1
interview_bootcamp/repository/interviewer_repository.go:60.2,60.25 1 1
interview_bootcamp/repository/interviewer_repository.go:64.73,66.16 2 1
interview_bootcamp/repository/interviewer_repository.go:66.16,68.3 1 1
interview_bootcamp/repository/interviewer_repository.go:69.2,69.12 1 1
interview_bootcamp/repository/interviewer_repository.go:72.57,74.16 2 1
interview_bootcamp/repository/interviewer_repository.go:74.16,76.3 1 1
interview_bootcamp/repository/interviewer_repository.go:77.2,77.12 1 1
interview_bootcamp/repository/interviewer_repository.go:82.65,84.2 1 1
interview_bootcamp/repository/result_repository.go:19.63,21.16 2 1
interview_bootcamp/repository/result_repository.go:21.16,23.3 1 1
interview_bootcamp/repository/result_repository.go:24.2,24.12 1 1
interview_bootcamp/repository/result_repository.go:26.73,29.16 3 1
interview_bootcamp/repository/result_repository.go:29.16,31.3 1 1
interview_bootcamp/repository/result_repository.go:32.2,32.20 1 1
interview_bootcamp/repository/result_repository.go:34.59,36.16 2 1
interview_bootcamp/repository/result_repository.go:36.16,38.3 1 1
interview_bootcamp/repository/result_repository.go:39.2,40.18 2 1
interview_bootcamp/repository/result_repository.go:40.18,43.17 3 1
interview_bootcamp/repository/result_repository.go:43.17,45.4 1 0
interview_bootcamp/repository/result_repository.go:46.3,46.36 1 1
interview_bootcamp/repository/result_repository.go:48.2,48.21 1 1
interview_bootcamp/repository/result_repository.go:50.65,54.16 4 1
interview_bootcamp/repository/result_repository.go:54.16,56.3 1 1
interview_bootcamp/repository/result_repository.go:57.2,57.20 1 1
interview_bootcamp/repository/result_repository.go:59.63,61.16 2 1
interview_bootcamp/repository/result_repository.go:61.16,63.3 1 1
interview_bootcamp/repository/result_repository.go:64.2,64.12 1 1
interview_bootcamp/repository/result_repository.go:66.52,68.16 2 1
interview_bootcamp/repository/result_repository.go:68.16,70.3 1 1
interview_bootcamp/repository/result_repository.go:71.2,71.12 1 1
interview_bootcamp/repository/result_repository.go:73.106,77.16 4 1
interview_bootcamp/repository/result_repository.go:77.16,79.3 1 1
interview_bootcamp/repository/result_repository.go:80.2,81.18 2 1
interview_bootcamp/repository/result_repository.go:81.18,84.17 3 1
interview_bootcamp/repository/result_repository.go:84.17,86.4 1 0
interview_bootcamp/repository/result_repository.go:87.3,87.36 1 1
interview_bootcamp/repository/result_repository.go:91.2,94.16 4 1
interview_bootcamp/repository/result_repository.go:94.16,96.3 1 1
interview_bootcamp/repository/result_repository.go:98.2,98.93 1 1
interview_bootcamp/repository/result_repository.go:101.55,103.2 1 1
interview_bootcamp/repository/status_repository.go:20.63,22.16 2 1
interview_bootcamp/repository/status_repository.go:22.16,24.3 1 1
interview_bootcamp/repository/status_repository.go:25.2,25.12 1 1
interview_bootcamp/repository/status_repository.go:27.73,30.16 3 1
interview_bootcamp/repository/status_repository.go:30.16,32.3 1 1
interview_bootcamp/repository/status_repository.go:33.2,33.20 1 1
interview_bootcamp/repository/status_repository.go:35.59,37.16 2 1
interview_bootcamp/repository/status_repository.go:37.16,39.3 1 1
interview_bootcamp/repository/status_repository.go:40.2,41.18 2 1
interview_bootcamp/repository/status_repository.go:41.18,44.17 3 1
interview_bootcamp/repository/status_repository.go:44.17,46.4 1 0
interview_bootcamp/repository/status_repository.go:47.3,47.36 1 1
interview_bootcamp/repository/status_repository.go:49.2,49.21 1 1
interview_bootcamp/repository/status_repository.go:51.65,55.16 4 1
interview_bootcamp/repository/status_repository.go:55.16,57.3 1 1
interview_bootcamp/repository/status_repository.go:58.2,58.20 1 1
interview_bootcamp/repository/status_repository.go:60.63,62.16 2 1
interview_bootcamp/repository/status_repository.go:62.16,64.3 1 1
interview_bootcamp/repository/status_repository.go:65.2,65.12 1 1
interview_bootcamp/repository/status_repository.go:67.52,69.16 2 1
interview_bootcamp/repository/status_repository.go:69.16,71.3 1 1
interview_bootcamp/repository/status_repository.go:72.2,72.12 1 1
interview_bootcamp/repository/status_repository.go:74.106,78.16 4 1
interview_bootcamp/repository/status_repository.go:78.16,80.3 1 1
interview_bootcamp/repository/status_repository.go:81.2,82.18 2 1
interview_bootcamp/repository/status_repository.go:82.18,85.17 3 1
interview_bootcamp/repository/status_repository.go:85.17,87.4 1 0
interview_bootcamp/repository/status_repository.go:88.3,88.36 1 1
interview_bootcamp/repository/status_repository.go:92.2,95.16 4 1
interview_bootcamp/repository/status_repository.go:95.16,97.3 1 1
interview_bootcamp/repository/status_repository.go:99.2,99.93 1 1
interview_bootcamp/repository/status_repository.go:102.55,104.2 1 1
interview_bootcamp/repository/user_role_repository.go:17.70,20.16 2 1
interview_bootcamp/repository/user_role_repository.go:20.16,22.3 1 1
interview_bootcamp/repository/user_role_repository.go:23.2,23.12 1 1
interview_bootcamp/repository/user_role_repository.go:26.65,28.16 2 1
interview_bootcamp/repository/user_role_repository.go:28.16,30.3 1 1
interview_bootcamp/repository/user_role_repository.go:31.2,34.18 3 1
interview_bootcamp/repository/user_role_repository.go:34.18,37.17 3 1
interview_bootcamp/repository/user_role_repository.go:37.17,39.4 1 0
interview_bootcamp/repository/user_role_repository.go:40.3,40.42 1 1
interview_bootcamp/repository/user_role_repository.go:42.2,42.23 1 1
interview_bootcamp/repository/user_role_repository.go:46.71,49.16 3 1
interview_bootcamp/repository/user_role_repository.go:49.16,51.3 1 1
interview_bootcamp/repository/user_role_repository.go:52.2,52.22 1 1
interview_bootcamp/repository/user_role_repository.go:57.79,61.16 3 1
interview_bootcamp/repository/user_role_repository.go:61.16,63.3 1 1
interview_bootcamp/repository/user_role_repository.go:64.2,64.22 1 1
interview_bootcamp/repository/user_role_repository.go:67.70,70.16 2 1
interview_bootcamp/repository/user_role_repository.go:70.16,72.3 1 1
interview_bootcamp/repository/user_role_repository.go:73.2,73.12 1 1
interview_bootcamp/repository/user_role_repository.go:76.55,78.16 2 1
interview_bootcamp/repository/user_role_repository.go:78.16,80.3 1 1
interview_bootcamp/repository/user_role_repository.go:81.2,81.12 1 1
interview_bootcamp/repository/user_role_repository.go:85.61,87.2 1 1
interview_bootcamp/repository/users_repository.go:22.57,25.16 2 1
interview_bootcamp/repository/users_repository.go:25.16,27.3 1 1
interview_bootcamp/repository/users_repository.go:28.2,28.12 1 1
interview_bootcamp/repository/users_repository.go:31.56,36.16 2 1
interview_bootcamp/repository/users_repository.go:36.16,38.3 1 1
interview_bootcamp/repository/users_repository.go:39.2,42.18 3 1
interview_bootcamp/repository/users_repository.go:42.18,45.17 3 1
interview_bootcamp/repository/users_repository.go:45.17,47.4 1 0
interview_bootcamp/repository/users_repository.go:48.3,48.30 1 1
interview_bootcamp/repository/users_repository.go:50.2,50.19 1 1
interview_bootcamp/repository/users_repository.go:53.62,66.16 3 1
interview_bootcamp/repository/users_repository.go:66.16,68.3 1 1
interview_bootcamp/repository/users_repository.go:69.2,69.18 1 1
interview_bootcamp/repository/users_repository.go:72.72,85.16 3 1
interview_bootcamp/repository/users_repository.go:85.16,87.3 1 1
interview_bootcamp/repository/users_repository.go:88.2,88.18 1 1
interview_bootcamp/repository/users_repository.go:91.78,105.16 3 1
interview_bootcamp/repository/users_repository.go:105.16,107.3 1 1
interview_bootcamp/repository/users_repository.go:108.2,108.18 1 1
interview_bootcamp/repository/users_repository.go:111.60,116.16 2 1
interview_bootcamp/repository/users_repository.go:116.16,118.3 1 1
interview_bootcamp/repository/users_repository.go:119.2,119.12 1 1
interview_bootcamp/repository/users_repository.go:122.50,124.16 2 1
interview_bootcamp/repository/users_repository.go:124.16,126.3 1 1
interview_bootcamp/repository/users_repository.go:127.2,127.12 1 1
interview_bootcamp/repository/users_repository.go:130.101,133.16 2 0
interview_bootcamp/repository/users_repository.go:133.16,135.3 1 0
interview_bootcamp/repository/users_repository.go:137.2,138.16 2 0
interview_bootcamp/repository/users_repository.go:138.16,140.3 1 0
interview_bootcamp/repository/users_repository.go:142.2,142.18 1 0
interview_bootcamp/repository/users_repository.go:145.51,147.2 1 1
interview_bootcamp/usecase/auth_usecase.go:17.79,19.16 2 0
interview_bootcamp/usecase/auth_usecase.go:19.16,21.3 1 0
interview_bootcamp/usecase/auth_usecase.go:23.2,27.16 4 0
interview_bootcamp/usecase/auth_usecase.go:27.16,29.3 1 0
interview_bootcamp/usecase/auth_usecase.go:30.2,30.19 1 0
interview_bootcamp/usecase/auth_usecase.go:33.79,35.2 1 0
interview_bootcamp/usecase/bootcamp_usecase.go:22.77,23.120 1 1
interview_bootcamp/usecase/bootcamp_usecase.go:23.120,25.3 1 1
interview_bootcamp/usecase/bootcamp_usecase.go:26.2,27.43 2 1
interview_bootcamp/usecase/bootcamp_usecase.go:27.43,29.3 1 0
interview_bootcamp/usecase/bootcamp_usecase.go:30.2,31.16 2 1
interview_bootcamp/usecase/bootcamp_usecase.go:31.16,33.3 1 0
interview_bootcamp/usecase/bootcamp_usecase.go:34.2,34.12 1 1
interview_bootcamp/usecase/bootcamp_usecase.go:37.78,39.16 2 0
interview_bootcamp/usecase/bootcamp_usecase.go:39.16,41.3 1 0
interview_bootcamp/usecase/bootcamp_usecase.go:42.2,42.22 1 0
interview_bootcamp/usecase/bootcamp_usecase.go:45.115,47.2 1 1
interview_bootcamp/usecase/bootcamp_usecase.go:49.79,51.16 2 1
interview_bootcamp/usecase/bootcamp_usecase.go:51.16,53.3 1 1
interview_bootcamp/usecase/bootcamp_usecase.go:54.2,54.22 1 1
interview_bootcamp/usecase/bootcamp_usecase.go:56.72,57.120 1 1
interview_bootcamp/usecase/bootcamp_usecase.go:57.120,59.3 1 1
interview_bootcamp/usecase/bootcamp_usecase.go:61.2,62.16 2 1
interview_bootcamp/usecase/bootcamp_usecase.go:62.16,64.3 1 1
interview_bootcamp/usecase/bootcamp_usecase.go:66.2,66.12 1 1
interview_bootcamp/usecase/bootcamp_usecase.go:68.59,70.16 2 1
interview_bootcamp/usecase/bootcamp_usecase.go:70.16,72.3 1 1
interview_bootcamp/usecase/bootcamp_usecase.go:74.2,75.16 2 1
interview_bootcamp/usecase/bootcamp_usecase.go:75.16,77.3 1 1
interview_bootcamp/usecase/bootcamp_usecase.go:78.2,78.12 1 1
interview_bootcamp/usecase/bootcamp_usecase.go:80.77,82.2 1 1
interview_bootcamp/usecase/candidate_usecase.go:29.80,31.99 1 1
interview_bootcamp/usecase/candidate_usecase.go:31.99,33.3 1 1
interview_bootcamp/usecase/candidate_usecase.go:36.2,37.50 2 1
interview_bootcamp/usecase/candidate_usecase.go:37.50,39.3 1 1
interview_bootcamp/usecase/candidate_usecase.go:42.2,43.50 2 1
interview_bootcamp/usecase/candidate_usecase.go:43.50,45.3 1 1
interview_bootcamp/usecase/candidate_usecase.go:47.2,48.16 2 1
interview_bootcamp/usecase/candidate_usecase.go:48.16,50.3 1 1
interview_bootcamp/usecase/candidate_usecase.go:52.2,53.16 2 1
interview_bootcamp/usecase/candidate_usecase.go:53.16,55.3 1 1
interview_bootcamp/usecase/candidate_usecase.go:56.2,56.12 1 1
interview_bootcamp/usecase/candidate_usecase.go:60.118,62.2 1 1
interview_bootcamp/usecase/candidate_usecase.go:65.82,67.16 2 1
interview_bootcamp/usecase/candidate_usecase.go:67.16,69.3 1 1
interview_bootcamp/usecase/candidate_usecase.go:70.2,70.23 1 1
interview_bootcamp/usecase/candidate_usecase.go:74.61,76.16 2 1
interview_bootcamp/usecase/candidate_usecase.go:76.16,78.3 1 1
interview_bootcamp/usecase/candidate_usecase.go:80.2,81.16 2 1
interview_bootcamp/usecase/candidate_usecase.go:81.16,83.3 1 1
interview_bootcamp/usecase/candidate_usecase.go:86.2,90.16 3 0
interview_bootcamp/usecase/candidate_usecase.go:90.16,92.3 1 0
interview_bootcamp/usecase/candidate_usecase.go:93.2,93.12 1 0
interview_bootcamp/usecase/candidate_usecase.go:97.75,99.25 1 1
interview_bootcamp/usecase/candidate_usecase.go:99.25,101.3 1 1
interview_bootcamp/usecase/candidate_usecase.go:103.2,104.16 2 1
interview_bootcamp/usecase/candidate_usecase.go:104.16,106.3 1 1
interview_bootcamp/usecase/candidate_usecase.go:108.2,109.16 2 1
interview_bootcamp/usecase/candidate_usecase.go:109.16,111.3 1 1
interview_bootcamp/usecase/candidate_usecase.go:113.2,113.12 1 1
interview_bootcamp/usecase/candidate_usecase.go:116.143,122.2 1 1
interview_bootcamp/usecase/form_usecase.go:26.65,28.16 2 1
interview_bootcamp/usecase/form_usecase.go:28.16,30.3 1 1
interview_bootcamp/usecase/form_usecase.go:31.2,31.12 1 1
interview_bootcamp/usecase/form_usecase.go:34.67,36.19 2 1
interview_bootcamp/usecase/form_usecase.go:36.19,38.6 1 1
interview_bootcamp/usecase/form_usecase.go:39.5,39.21 1 1
interview_bootcamp/usecase/form_usecase.go:42.104,44.16 2 1
interview_bootcamp/usecase/form_usecase.go:44.16,46.3 1 1
interview_bootcamp/usecase/form_usecase.go:47.2,47.27 1 1
interview_bootcamp/usecase/form_usecase.go:50.51,52.16 2 1
interview_bootcamp/usecase/form_usecase.go:52.16,54.3 1 1
interview_bootcamp/usecase/form_usecase.go:56.2,57.16 2 1
interview_bootcamp/usecase/form_usecase.go:57.16,59.3 1 1
interview_bootcamp/usecase/form_usecase.go:62.2,66.16 3 0
interview_bootcamp/usecase/form_usecase.go:66.16,68.3 1 0
interview_bootcamp/usecase/form_usecase.go:69.2,69.12 1 0
interview_bootcamp/usecase/form_usecase.go:73.60,75.16 2 1
interview_bootcamp/usecase/form_usecase.go:75.16,77.3 1 1
interview_bootcamp/usecase/form_usecase.go:78.2,78.12 1 1
interview_bootcamp/usecase/form_usecase.go:81.100,86.2 1 1
interview_bootcamp/usecase/hr_usecase.go:22.87,25.16 2 1
interview_bootcamp/usecase/hr_usecase.go:25.16,27.3 1 1
interview_bootcamp/usecase/hr_usecase.go:29.2,30.50 2 1
interview_bootcamp/usecase/hr_usecase.go:30.50,32.3 1 0
interview_bootcamp/usecase/hr_usecase.go:34.2,34.44 1 1
interview_bootcamp/usecase/hr_usecase.go:37.76,39.16 2 1
interview_bootcamp/usecase/hr_usecase.go:39.16,41.3 1 0
interview_bootcamp/usecase/hr_usecase.go:43.2,43.27 1 1
interview_bootcamp/usecase/hr_usecase.go:46.84,48.2 1 1
interview_bootcamp/usecase/hr_usecase.go:50.87,53.16 2 1
interview_bootcamp/usecase/hr_usecase.go:53.16,55.3 1 0
interview_bootcamp/usecase/hr_usecase.go:58.2,59.55 2 1
interview_bootcamp/usecase/hr_usecase.go:59.55,61.3 1 1
interview_bootcamp/usecase/hr_usecase.go:64.2,65.16 2 0
interview_bootcamp/usecase/hr_usecase.go:65.16,67.3 1 0
interview_bootcamp/usecase/hr_usecase.go:69.2,69.12 1 0
interview_bootcamp/usecase/hr_usecase.go:72.69,74.2 1 1
interview_bootcamp/usecase/hr_usecase.go:76.141,81.2 1 1
interview_bootcamp/usecase/interview_proses_usecase.go:24.113,27.16 2 0
interview_bootcamp/usecase/interview_proses_usecase.go:27.16,29.3 1 0
interview_bootcamp/usecase/interview_proses_usecase.go:30.2,31.16 2 0
interview_bootcamp/usecase/interview_proses_usecase.go:31.16,33.3 1 0
interview_bootcamp/usecase/interview_proses_usecase.go:34.2,35.16 2 0
interview_bootcamp/usecase/interview_proses_usecase.go:35.16,37.3 1 0
interview_bootcamp/usecase/interview_proses_usecase.go:38.2,39.16 2 0
interview_bootcamp/usecase/interview_proses_usecase.go:39.16,41.3 1 0
interview_bootcamp/usecase/interview_proses_usecase.go:43.2,49.16 6 0
interview_bootcamp/usecase/interview_proses_usecase.go:49.16,51.3 1 0
interview_bootcamp/usecase/interview_proses_usecase.go:53.2,53.12 1 0
interview_bootcamp/usecase/interview_proses_usecase.go:56.149,58.2 1 0
interview_bootcamp/usecase/interview_proses_usecase.go:59.112,62.16 3 0
interview_bootcamp/usecase/interview_proses_usecase.go:62.16,64.3 1 0
interview_bootcamp/usecase/interview_proses_usecase.go:66.2,67.36 2 0
interview_bootcamp/usecase/interview_proses_usecase.go:70.215,78.2 1 0
interview_bootcamp/usecase/interview_result_usecase.go:21.109,24.16 2 0
interview_bootcamp/usecase/interview_result_usecase.go:24.16,26.3 1 0
interview_bootcamp/usecase/interview_result_usecase.go:27.2,28.16 2 0
interview_bootcamp/usecase/interview_result_usecase.go:28.16,30.3 1 0
interview_bootcamp/usecase/interview_result_usecase.go:32.2,36.16 4 0
interview_bootcamp/usecase/interview_result_usecase.go:36.16,38.3 1 0
interview_bootcamp/usecase/interview_result_usecase.go:40.2,40.12 1 0
interview_bootcamp/usecase/interview_result_usecase.go:42.146,44.2 1 0
interview_bootcamp/usecase/interview_result_usecase.go:45.109,48.16 3 0
interview_bootcamp/usecase/interview_result_usecase.go:48.16,50.3 1 0
interview_bootcamp/usecase/interview_result_usecase.go:52.2,53.40 2 0
interview_bootcamp/usecase/interview_result_usecase.go:57.170,63.2 1 0
interview_bootcamp/usecase/interviewer_usecase.go:22.86,24.83 1 1
interview_bootcamp/usecase/interviewer_usecase.go:24.83,26.3 1 1
interview_bootcamp/usecase/interviewer_usecase.go:28.2,29.16 2 1
interview_bootcamp/usecase/interviewer_usecase.go:29.16,31.3 1 1
interview_bootcamp/usecase/interviewer_usecase.go:32.2,32.12 1 1
interview_bootcamp/usecase/interviewer_usecase.go:36.80,38.2 1 1
interview_bootcamp/usecase/interviewer_usecase.go:41.88,43.2 1 1
interview_bootcamp/usecase/interviewer_usecase.go:46.65,48.16 2 1
interview_bootcamp/usecase/interviewer_usecase.go:48.16,50.3 1 1
interview_bootcamp/usecase/interviewer_usecase.go:52.2,53.16 2 1
interview_bootcamp/usecase/interviewer_usecase.go:53.16,55.3 1 1
interview_bootcamp/usecase/interviewer_usecase.go:56.2,56.12 1 1
interview_bootcamp/usecase/interviewer_usecase.go:60.81,61.83 1 1
interview_bootcamp/usecase/interviewer_usecase.go:61.83,63.3 1 1
interview_bootcamp/usecase/interviewer_usecase.go:65.2,66.16 2 1
interview_bootcamp/usecase/interviewer_usecase.go:66.16,68.3 1 1
interview_bootcamp/usecase/interviewer_usecase.go:69.2,69.12 1 1
interview_bootcamp/usecase/interviewer_usecase.go:73.86,75.2 1 1
interview_bootcamp/usecase/result_usecase.go:21.71,22.24 1 1
interview_bootcamp/usecase/result_usecase.go:22.24,24.3 1 1
interview_bootcamp/usecase/result_usecase.go:25.2,26.40 2 1
interview_bootcamp/usecase/result_usecase.go:26.40,28.3 1 1
interview_bootcamp/usecase/result_usecase.go:29.2,30.16 2 1
interview_bootcamp/usecase/result_usecase.go:30.16,32.3 1 1
interview_bootcamp/usecase/result_usecase.go:33.2,33.12 1 1
interview_bootcamp/usecase/result_usecase.go:35.109,37.2 1 1
interview_bootcamp/usecase/result_usecase.go:38.73,40.16 2 1
interview_bootcamp/usecase/result_usecase.go:40.16,42.3 1 1
interview_bootcamp/usecase/result_usecase.go:43.2,43.20 1 1
interview_bootcamp/usecase/result_usecase.go:45.66,46.24 1 1
interview_bootcamp/usecase/result_usecase.go:46.24,48.3 1 1
interview_bootcamp/usecase/result_usecase.go:50.2,51.16 2 1
interview_bootcamp/usecase/result_usecase.go:51.16,53.3 1 1
interview_bootcamp/usecase/result_usecase.go:55.2,55.12 1 1
interview_bootcamp/usecase/result_usecase.go:57.55,59.16 2 1
interview_bootcamp/usecase/result_usecase.go:59.16,61.3 1 1
interview_bootcamp/usecase/result_usecase.go:63.2,64.16 2 1
interview_bootcamp/usecase/result_usecase.go:64.16,66.3 1 1
interview_bootcamp/usecase/result_usecase.go:67.2,67.12 1 1
interview_bootcamp/usecase/result_usecase.go:69.71,71.2 1 1
interview_bootcamp/usecase/status_usecase.go:22.71,23.24 1 1
interview_bootcamp/usecase/status_usecase.go:23.24,25.3 1 1
interview_bootcamp/usecase/status_usecase.go:26.2,27.40 2 1
interview_bootcamp/usecase/status_usecase.go:27.40,29.3 1 1
interview_bootcamp/usecase/status_usecase.go:30.2,31.16 2 1
interview_bootcamp/usecase/status_usecase.go:31.16,33.3 1 1
interview_bootcamp/usecase/status_usecase.go:34.2,34.12 1 1
interview_bootcamp/usecase/status_usecase.go:36.109,38.2 1 1
interview_bootcamp/usecase/status_usecase.go:39.73,41.16 2 1
interview_bootcamp/usecase/status_usecase.go:41.16,43.3 1 1
interview_bootcamp/usecase/status_usecase.go:44.2,44.20 1 1
interview_bootcamp/usecase/status_usecase.go:46.66,47.24 1 1
interview_bootcamp/usecase/status_usecase.go:47.24,49.3 1 1
interview_bootcamp/usecase/status_usecase.go:51.2,52.16 2 1
interview_bootcamp/usecase/status_usecase.go:52.16,54.3 1 1
interview_bootcamp/usecase/status_usecase.go:56.2,56.12 1 1
interview_bootcamp/usecase/status_usecase.go:58.55,60.16 2 1
interview_bootcamp/usecase/status_usecase.go:60.16,62.3 1 1
interview_bootcamp/usecase/status_usecase.go:64.2,65.16 2 1
interview_bootcamp/usecase/status_usecase.go:65.16,67.3 1 1
interview_bootcamp/usecase/status_usecase.go:68.2,68.12 1 1
interview_bootcamp/usecase/status_usecase.go:70.71,72.2 1 1
interview_bootcamp/usecase/user_role_usecase.go:21.79,23.24 1 1
interview_bootcamp/usecase/user_role_usecase.go:23.24,25.3 1 1
interview_bootcamp/usecase/user_role_usecase.go:28.2,29.42 2 1
interview_bootcamp/usecase/user_role_usecase.go:29.42,31.3 1 1
interview_bootcamp/usecase/user_role_usecase.go:33.2,34.16 2 1
interview_bootcamp/usecase/user_role_usecase.go:34.16,36.3 1 0
interview_bootcamp/usecase/user_role_usecase.go:37.2,37.12 1 1
interview_bootcamp/usecase/user_role_usecase.go:40.73,42.2 1 1
interview_bootcamp/usecase/user_role_usecase.go:44.80,46.2 1 1
interview_bootcamp/usecase/user_role_usecase.go:48.74,49.24 1 1
interview_bootcamp/usecase/user_role_usecase.go:49.24,51.3 1 1
interview_bootcamp/usecase/user_role_usecase.go:53.2,54.70 2 1
interview_bootcamp/usecase/user_role_usecase.go:54.70,56.3 1 1
interview_bootcamp/usecase/user_role_usecase.go:58.2,59.16 2 1
interview_bootcamp/usecase/user_role_usecase.go:59.16,61.3 1 0
interview_bootcamp/usecase/user_role_usecase.go:63.2,63.12 1 1
interview_bootcamp/usecase/user_role_usecase.go:67.60,69.16 2 1
interview_bootcamp/usecase/user_role_usecase.go:69.16,71.3 1 1
interview_bootcamp/usecase/user_role_usecase.go:73.2,74.16 2 1
interview_bootcamp/usecase/user_role_usecase.go:74.16,76.3 1 1
interview_bootcamp/usecase/user_role_usecase.go:77.2,77.12 1 1
interview_bootcamp/usecase/user_role_usecase.go:81.80,83.2 1 1
interview_bootcamp/usecase/users_usecase.go:26.66,27.77 1 1
interview_bootcamp/usecase/users_usecase.go:27.77,29.3 1 1
interview_bootcamp/usecase/users_usecase.go:31.2,32.71 2 1
interview_bootcamp/usecase/users_usecase.go:32.71,34.3 1 0
interview_bootcamp/usecase/users_usecase.go:36.2,37.62 2 1
interview_bootcamp/usecase/users_usecase.go:37.62,39.3 1 0
interview_bootcamp/usecase/users_usecase.go:42.2,43.16 2 1
interview_bootcamp/usecase/users_usecase.go:43.16,45.3 1 0
interview_bootcamp/usecase/users_usecase.go:46.2,49.16 3 1
interview_bootcamp/usecase/users_usecase.go:49.16,51.3 1 0
interview_bootcamp/usecase/users_usecase.go:53.2,53.12 1 1
interview_bootcamp/usecase/users_usecase.go:56.53,58.2 1 1
interview_bootcamp/usecase/users_usecase.go:60.73,62.2 1 1
interview_bootcamp/usecase/users_usecase.go:64.79,66.2 1 1
interview_bootcamp/usecase/users_usecase.go:68.67,70.2 1 1
interview_bootcamp/usecase/users_usecase.go:72.61,75.16 2 1
interview_bootcamp/usecase/users_usecase.go:75.16,77.3 1 0
interview_bootcamp/usecase/users_usecase.go:80.2,80.47 1 1
interview_bootcamp/usecase/users_usecase.go:80.47,82.60 2 1
interview_bootcamp/usecase/users_usecase.go:82.60,84.4 1 1
interview_bootcamp/usecase/users_usecase.go:87.2,87.41 1 1
interview_bootcamp/usecase/users_usecase.go:87.41,89.57 2 1
interview_bootcamp/usecase/users_usecase.go:89.57,91.4 1 1
interview_bootcamp/usecase/users_usecase.go:95.2,96.16 2 1
interview_bootcamp/usecase/users_usecase.go:96.16,98.3 1 1
interview_bootcamp/usecase/users_usecase.go:99.2,99.12 1 0
interview_bootcamp/usecase/users_usecase.go:101.101,103.2 1 0
interview_bootcamp/usecase/users_usecase.go:105.51,107.2 1 1
interview_bootcamp/usecase/users_usecase.go:109.69,113.2 1 1
